TN:
SF:index.js
FN:42,authenticateToken
FN:46,(anonymous_1)
FN:53,requireAdmin
FN:60,(anonymous_3)
FN:68,(anonymous_4)
FN:86,(anonymous_5)
FN:98,(anonymous_6)
FN:121,(anonymous_7)
FN:136,(anonymous_8)
FN:150,(anonymous_9)
FN:162,(anonymous_10)
FN:188,(anonymous_11)
FN:197,(anonymous_12)
FN:230,(anonymous_13)
FN:241,(anonymous_14)
FN:253,(anonymous_15)
FN:273,(anonymous_16)
FN:285,(anonymous_17)
FN:296,(anonymous_18)
FN:304,(anonymous_19)
FN:316,(anonymous_20)
FN:345,(anonymous_21)
FN:372,(anonymous_22)
FN:383,(anonymous_23)
FN:400,(anonymous_24)
FN:401,(anonymous_25)
FN:404,(anonymous_26)
FN:405,(anonymous_27)
FN:408,(anonymous_28)
FN:409,(anonymous_29)
FN:410,(anonymous_30)
FN:429,(anonymous_31)
FN:463,(anonymous_32)
FN:474,(anonymous_33)
FN:475,(anonymous_34)
FN:491,(anonymous_35)
FN:501,(anonymous_36)
FN:520,(anonymous_37)
FN:540,(anonymous_38)
FN:580,(anonymous_39)
FN:581,(anonymous_40)
FN:584,(anonymous_41)
FNF:42
FNH:0
FNDA:0,authenticateToken
FNDA:0,(anonymous_1)
FNDA:0,requireAdmin
FNDA:0,(anonymous_3)
FNDA:0,(anonymous_4)
FNDA:0,(anonymous_5)
FNDA:0,(anonymous_6)
FNDA:0,(anonymous_7)
FNDA:0,(anonymous_8)
FNDA:0,(anonymous_9)
FNDA:0,(anonymous_10)
FNDA:0,(anonymous_11)
FNDA:0,(anonymous_12)
FNDA:0,(anonymous_13)
FNDA:0,(anonymous_14)
FNDA:0,(anonymous_15)
FNDA:0,(anonymous_16)
FNDA:0,(anonymous_17)
FNDA:0,(anonymous_18)
FNDA:0,(anonymous_19)
FNDA:0,(anonymous_20)
FNDA:0,(anonymous_21)
FNDA:0,(anonymous_22)
FNDA:0,(anonymous_23)
FNDA:0,(anonymous_24)
FNDA:0,(anonymous_25)
FNDA:0,(anonymous_26)
FNDA:0,(anonymous_27)
FNDA:0,(anonymous_28)
FNDA:0,(anonymous_29)
FNDA:0,(anonymous_30)
FNDA:0,(anonymous_31)
FNDA:0,(anonymous_32)
FNDA:0,(anonymous_33)
FNDA:0,(anonymous_34)
FNDA:0,(anonymous_35)
FNDA:0,(anonymous_36)
FNDA:0,(anonymous_37)
FNDA:0,(anonymous_38)
FNDA:0,(anonymous_39)
FNDA:0,(anonymous_40)
FNDA:0,(anonymous_41)
DA:1,0
DA:2,0
DA:3,0
DA:4,0
DA:5,0
DA:6,0
DA:7,0
DA:8,0
DA:10,0
DA:11,0
DA:12,0
DA:13,0
DA:14,0
DA:15,0
DA:16,0
DA:17,0
DA:18,0
DA:20,0
DA:21,0
DA:25,0
DA:26,0
DA:27,0
DA:29,0
DA:39,0
DA:40,0
DA:43,0
DA:44,0
DA:45,0
DA:46,0
DA:47,0
DA:48,0
DA:49,0
DA:54,0
DA:55,0
DA:57,0
DA:60,0
DA:61,0
DA:68,0
DA:69,0
DA:76,0
DA:77,0
DA:78,0
DA:79,0
DA:80,0
DA:81,0
DA:82,0
DA:83,0
DA:84,0
DA:86,0
DA:87,0
DA:88,0
DA:89,0
DA:90,0
DA:91,0
DA:93,0
DA:94,0
DA:98,0
DA:99,0
DA:100,0
DA:101,0
DA:103,0
DA:104,0
DA:105,0
DA:113,0
DA:114,0
DA:116,0
DA:117,0
DA:121,0
DA:122,0
DA:123,0
DA:124,0
DA:125,0
DA:126,0
DA:127,0
DA:128,0
DA:129,0
DA:131,0
DA:132,0
DA:136,0
DA:137,0
DA:138,0
DA:139,0
DA:140,0
DA:141,0
DA:142,0
DA:143,0
DA:145,0
DA:146,0
DA:150,0
DA:151,0
DA:152,0
DA:153,0
DA:154,0
DA:155,0
DA:157,0
DA:158,0
DA:162,0
DA:163,0
DA:164,0
DA:165,0
DA:167,0
DA:168,0
DA:169,0
DA:170,0
DA:171,0
DA:173,0
DA:180,0
DA:181,0
DA:183,0
DA:184,0
DA:188,0
DA:189,0
DA:190,0
DA:191,0
DA:193,0
DA:197,0
DA:198,0
DA:199,0
DA:200,0
DA:201,0
DA:203,0
DA:204,0
DA:212,0
DA:213,0
DA:217,0
DA:223,0
DA:225,0
DA:226,0
DA:230,0
DA:231,0
DA:232,0
DA:233,0
DA:234,0
DA:235,0
DA:237,0
DA:241,0
DA:242,0
DA:243,0
DA:247,0
DA:249,0
DA:253,0
DA:254,0
DA:255,0
DA:256,0
DA:258,0
DA:259,0
DA:267,0
DA:269,0
DA:273,0
DA:274,0
DA:275,0
DA:276,0
DA:277,0
DA:278,0
DA:279,0
DA:281,0
DA:285,0
DA:286,0
DA:287,0
DA:288,0
DA:289,0
DA:290,0
DA:292,0
DA:296,0
DA:297,0
DA:298,0
DA:304,0
DA:310,0
DA:312,0
DA:316,0
DA:317,0
DA:318,0
DA:319,0
DA:321,0
DA:322,0
DA:333,0
DA:339,0
DA:341,0
DA:345,0
DA:346,0
DA:347,0
DA:348,0
DA:349,0
DA:350,0
DA:360,0
DA:366,0
DA:368,0
DA:372,0
DA:373,0
DA:374,0
DA:375,0
DA:376,0
DA:377,0
DA:379,0
DA:383,0
DA:384,0
DA:385,0
DA:386,0
DA:387,0
DA:388,0
DA:391,0
DA:396,0
DA:397,0
DA:399,0
DA:400,0
DA:401,0
DA:403,0
DA:404,0
DA:405,0
DA:407,0
DA:408,0
DA:409,0
DA:410,0
DA:411,0
DA:415,0
DA:425,0
DA:429,0
DA:430,0
DA:431,0
DA:432,0
DA:434,0
DA:435,0
DA:437,0
DA:439,0
DA:440,0
DA:442,0
DA:443,0
DA:444,0
DA:445,0
DA:446,0
DA:448,0
DA:449,0
DA:452,0
DA:460,0
DA:461,0
DA:463,0
DA:464,0
DA:465,0
DA:467,0
DA:468,0
DA:470,0
DA:474,0
DA:475,0
DA:477,0
DA:487,0
DA:491,0
DA:492,0
DA:493,0
DA:501,0
DA:502,0
DA:503,0
DA:504,0
DA:509,0
DA:515,0
DA:516,0
DA:520,0
DA:521,0
DA:522,0
DA:530,0
DA:535,0
DA:536,0
DA:540,0
DA:541,0
DA:542,0
DA:543,0
DA:545,0
DA:546,0
DA:549,0
DA:553,0
DA:554,0
DA:560,0
DA:568,0
DA:569,0
DA:574,0
DA:575,0
DA:579,0
DA:580,0
DA:581,0
DA:582,0
DA:585,0
LF:280
LH:0
BRDA:30,0,0,0
BRDA:30,0,1,0
BRDA:31,1,0,0
BRDA:31,1,1,0
BRDA:32,2,0,0
BRDA:32,2,1,0
BRDA:34,3,0,0
BRDA:34,3,1,0
BRDA:44,4,0,0
BRDA:44,4,1,0
BRDA:45,5,0,0
BRDA:45,5,1,0
BRDA:46,6,0,0
BRDA:46,6,1,0
BRDA:47,7,0,0
BRDA:47,7,1,0
BRDA:54,8,0,0
BRDA:54,8,1,0
BRDA:100,9,0,0
BRDA:100,9,1,0
BRDA:100,10,0,0
BRDA:100,10,1,0
BRDA:100,10,2,0
BRDA:109,11,0,0
BRDA:109,11,1,0
BRDA:126,12,0,0
BRDA:126,12,1,0
BRDA:140,13,0,0
BRDA:140,13,1,0
BRDA:164,14,0,0
BRDA:164,14,1,0
BRDA:164,15,0,0
BRDA:164,15,1,0
BRDA:170,16,0,0
BRDA:170,16,1,0
BRDA:176,17,0,0
BRDA:176,17,1,0
BRDA:201,18,0,0
BRDA:201,18,1,0
BRDA:203,19,0,0
BRDA:203,19,1,0
BRDA:203,20,0,0
BRDA:203,20,1,0
BRDA:212,21,0,0
BRDA:212,21,1,0
BRDA:218,22,0,0
BRDA:218,22,1,0
BRDA:219,23,0,0
BRDA:219,23,1,0
BRDA:220,24,0,0
BRDA:220,24,1,0
BRDA:221,25,0,0
BRDA:221,25,1,0
BRDA:233,26,0,0
BRDA:233,26,1,0
BRDA:255,27,0,0
BRDA:255,27,1,0
BRDA:255,28,0,0
BRDA:255,28,1,0
BRDA:255,28,2,0
BRDA:263,29,0,0
BRDA:263,29,1,0
BRDA:277,30,0,0
BRDA:277,30,1,0
BRDA:288,31,0,0
BRDA:288,31,1,0
BRDA:318,32,0,0
BRDA:318,32,1,0
BRDA:318,33,0,0
BRDA:318,33,1,0
BRDA:318,33,2,0
BRDA:318,33,3,0
BRDA:326,34,0,0
BRDA:326,34,1,0
BRDA:327,35,0,0
BRDA:327,35,1,0
BRDA:349,36,0,0
BRDA:349,36,1,0
BRDA:354,37,0,0
BRDA:354,37,1,0
BRDA:355,38,0,0
BRDA:355,38,1,0
BRDA:375,39,0,0
BRDA:375,39,1,0
BRDA:387,40,0,0
BRDA:387,40,1,0
BRDA:411,41,0,0
BRDA:411,41,1,0
BRDA:432,42,0,0
BRDA:437,43,0,0
BRDA:437,43,1,0
BRDA:437,43,2,0
BRDA:467,44,0,0
BRDA:467,44,1,0
BRDA:468,45,0,0
BRDA:468,45,1,0
BRDA:470,46,0,0
BRDA:470,46,1,0
BRDA:545,47,0,0
BRDA:545,47,1,0
BRDA:545,48,0,0
BRDA:545,48,1,0
BRDA:553,49,0,0
BRDA:553,49,1,0
BRDA:563,50,0,0
BRDA:563,50,1,0
BRDA:564,51,0,0
BRDA:564,51,1,0
BRDA:579,52,0,0
BRDA:579,52,1,0
BRF:110
BRH:0
end_of_record
TN:
SF:models.js
FN:3,(anonymous_0)
FNF:1
FNH:0
FNDA:0,(anonymous_0)
DA:1,0
DA:3,0
DA:4,0
DA:16,0
DA:25,0
DA:33,0
DA:43,0
DA:50,0
DA:60,0
DA:66,0
DA:67,0
DA:69,0
DA:70,0
DA:72,0
DA:73,0
DA:74,0
DA:75,0
DA:77,0
DA:78,0
DA:79,0
DA:80,0
DA:81,0
DA:82,0
DA:84,0
DA:85,0
DA:86,0
DA:87,0
DA:88,0
DA:89,0
DA:91,0
DA:92,0
DA:94,0
LF:32
LH:0
BRF:0
BRH:0
end_of_record
TN:
SF:routes/admin/dashboard.js
FN:4,(anonymous_0)
FN:7,(anonymous_1)
FN:24,(anonymous_2)
FN:40,(anonymous_3)
FN:55,(anonymous_4)
FNF:5
FNH:0
FNDA:0,(anonymous_0)
FNDA:0,(anonymous_1)
FNDA:0,(anonymous_2)
FNDA:0,(anonymous_3)
FNDA:0,(anonymous_4)
DA:1,0
DA:2,0
DA:4,0
DA:5,0
DA:7,0
DA:8,0
DA:9,0
DA:10,0
DA:11,0
DA:12,0
DA:13,0
DA:18,0
DA:20,0
DA:24,0
DA:25,0
DA:26,0
DA:34,0
DA:36,0
DA:40,0
DA:41,0
DA:42,0
DA:43,0
DA:45,0
DA:46,0
DA:47,0
DA:48,0
DA:49,0
DA:51,0
DA:55,0
DA:56,0
DA:57,0
DA:58,0
DA:59,0
DA:60,0
DA:61,0
DA:63,0
DA:67,0
LF:37
LH:0
BRDA:42,0,0,0
BRDA:42,0,1,0
BRDA:42,1,0,0
BRDA:42,1,1,0
BRDA:47,2,0,0
BRDA:47,2,1,0
BRDA:58,3,0,0
BRDA:58,3,1,0
BRDA:59,4,0,0
BRDA:59,4,1,0
BRF:10
BRH:0
end_of_record
TN:
SF:routes/common/auth.js
FN:6,(anonymous_0)
FN:9,(anonymous_1)
FN:22,(anonymous_2)
FN:33,(anonymous_3)
FN:53,(anonymous_4)
FNF:5
FNH:0
FNDA:0,(anonymous_0)
FNDA:0,(anonymous_1)
FNDA:0,(anonymous_2)
FNDA:0,(anonymous_3)
FNDA:0,(anonymous_4)
DA:1,0
DA:2,0
DA:3,0
DA:4,0
DA:6,0
DA:7,0
DA:9,0
DA:10,0
DA:22,0
DA:23,0
DA:33,0
DA:34,0
DA:35,0
DA:36,0
DA:38,0
DA:39,0
DA:40,0
DA:41,0
DA:42,0
DA:43,0
DA:45,0
DA:46,0
DA:48,0
DA:53,0
DA:54,0
DA:55,0
DA:56,0
DA:58,0
DA:59,0
DA:67,0
DA:68,0
DA:69,0
DA:70,0
DA:72,0
DA:73,0
DA:74,0
DA:76,0
DA:80,0
DA:82,0
DA:86,0
LF:40
LH:0
BRDA:35,0,0,0
BRDA:35,0,1,0
BRDA:35,1,0,0
BRDA:35,1,1,0
BRDA:35,1,2,0
BRDA:40,2,0,0
BRDA:40,2,1,0
BRDA:45,3,0,0
BRDA:45,3,1,0
BRDA:55,4,0,0
BRDA:55,4,1,0
BRDA:55,5,0,0
BRDA:55,5,1,0
BRDA:67,6,0,0
BRDA:67,6,1,0
BRDA:69,7,0,0
BRDA:69,7,1,0
BRDA:70,8,0,0
BRDA:70,8,1,0
BRDA:72,9,0,0
BRDA:72,9,1,0
BRDA:72,10,0,0
BRDA:72,10,1,0
BRDA:73,11,0,0
BRDA:73,11,1,0
BRF:25
BRH:0
end_of_record
TN:
SF:routes/common/password.js
FN:6,(anonymous_0)
FN:12,(anonymous_1)
FN:29,(anonymous_2)
FN:50,(anonymous_3)
FNF:4
FNH:0
FNDA:0,(anonymous_0)
FNDA:0,(anonymous_1)
FNDA:0,(anonymous_2)
FNDA:0,(anonymous_3)
DA:1,0
DA:2,0
DA:3,0
DA:4,0
DA:6,0
DA:7,0
DA:9,0
DA:12,0
DA:13,0
DA:14,0
DA:15,0
DA:16,0
DA:17,0
DA:18,0
DA:19,0
DA:21,0
DA:22,0
DA:24,0
DA:29,0
DA:30,0
DA:31,0
DA:32,0
DA:33,0
DA:34,0
DA:35,0
DA:37,0
DA:38,0
DA:39,0
DA:40,0
DA:41,0
DA:42,0
DA:43,0
DA:45,0
DA:50,0
DA:51,0
DA:52,0
DA:53,0
DA:55,0
DA:56,0
DA:57,0
DA:58,0
DA:59,0
DA:60,0
DA:61,0
DA:62,0
DA:64,0
DA:68,0
LF:47
LH:0
BRDA:14,0,0,0
BRDA:14,0,1,0
BRDA:17,1,0,0
BRDA:17,1,1,0
BRDA:32,2,0,0
BRDA:32,2,1,0
BRDA:34,3,0,0
BRDA:34,3,1,0
BRDA:34,4,0,0
BRDA:34,4,1,0
BRDA:39,5,0,0
BRDA:39,5,1,0
BRDA:52,6,0,0
BRDA:52,6,1,0
BRDA:52,7,0,0
BRDA:52,7,1,0
BRDA:57,8,0,0
BRDA:57,8,1,0
BRDA:59,9,0,0
BRDA:59,9,1,0
BRF:20
BRH:0
end_of_record
TN:
SF:routes/common/profile.js
FN:8,(anonymous_0)
FN:11,(anonymous_1)
FN:18,(anonymous_2)
FN:21,(anonymous_3)
FN:31,(anonymous_4)
FN:65,(anonymous_5)
FNF:6
FNH:0
FNDA:0,(anonymous_0)
FNDA:0,(anonymous_1)
FNDA:0,(anonymous_2)
FNDA:0,(anonymous_3)
FNDA:0,(anonymous_4)
FNDA:0,(anonymous_5)
DA:1,0
DA:2,0
DA:3,0
DA:4,0
DA:5,0
DA:7,0
DA:9,0
DA:12,0
DA:13,0
DA:16,0
DA:18,0
DA:19,0
DA:21,0
DA:22,0
DA:23,0
DA:24,0
DA:25,0
DA:27,0
DA:31,0
DA:32,0
DA:33,0
DA:34,0
DA:35,0
DA:36,0
DA:37,0
DA:38,0
DA:40,0
DA:41,0
DA:42,0
DA:43,0
DA:45,0
DA:46,0
DA:48,0
DA:51,0
DA:52,0
DA:53,0
DA:59,0
DA:61,0
DA:65,0
DA:66,0
DA:67,0
DA:68,0
DA:69,0
DA:70,0
DA:71,0
DA:72,0
DA:74,0
DA:78,0
LF:48
LH:0
BRDA:24,0,0,0
BRDA:24,0,1,0
BRDA:34,1,0,0
BRDA:34,1,1,0
BRDA:38,2,0,0
BRDA:38,2,1,0
BRDA:45,3,0,0
BRDA:45,3,1,0
BRDA:52,4,0,0
BRDA:52,4,1,0
BRDA:52,5,0,0
BRDA:52,5,1,0
BRDA:52,5,2,0
BRDA:52,5,3,0
BRDA:55,6,0,0
BRDA:55,6,1,0
BRDA:67,7,0,0
BRDA:67,7,1,0
BRDA:69,8,0,0
BRDA:69,8,1,0
BRF:20
BRH:0
end_of_record
TN:
SF:routes/user/categories.js
FN:4,(anonymous_0)
FN:7,(anonymous_1)
FN:21,(anonymous_2)
FN:59,(anonymous_3)
FN:107,(anonymous_4)
FNF:5
FNH:0
FNDA:0,(anonymous_0)
FNDA:0,(anonymous_1)
FNDA:0,(anonymous_2)
FNDA:0,(anonymous_3)
FNDA:0,(anonymous_4)
DA:1,0
DA:2,0
DA:4,0
DA:5,0
DA:7,0
DA:8,0
DA:9,0
DA:10,0
DA:14,0
DA:16,0
DA:17,0
DA:21,0
DA:22,0
DA:23,0
DA:24,0
DA:27,0
DA:28,0
DA:32,0
DA:39,0
DA:40,0
DA:44,0
DA:52,0
DA:54,0
DA:55,0
DA:59,0
DA:60,0
DA:61,0
DA:62,0
DA:63,0
DA:66,0
DA:73,0
DA:74,0
DA:78,0
DA:79,0
DA:87,0
DA:88,0
DA:93,0
DA:100,0
DA:102,0
DA:103,0
DA:107,0
DA:108,0
DA:109,0
DA:110,0
DA:113,0
DA:120,0
DA:121,0
DA:124,0
DA:126,0
DA:128,0
DA:129,0
DA:133,0
LF:52
LH:0
BRDA:27,0,0,0
BRDA:27,0,1,0
BRDA:27,1,0,0
BRDA:27,1,1,0
BRDA:39,2,0,0
BRDA:39,2,1,0
BRDA:47,3,0,0
BRDA:47,3,1,0
BRDA:48,4,0,0
BRDA:48,4,1,0
BRDA:73,5,0,0
BRDA:73,5,1,0
BRDA:78,6,0,0
BRDA:78,6,1,0
BRDA:78,7,0,0
BRDA:78,7,1,0
BRDA:87,8,0,0
BRDA:87,8,1,0
BRDA:94,9,0,0
BRDA:94,9,1,0
BRDA:95,10,0,0
BRDA:95,10,1,0
BRDA:96,11,0,0
BRDA:96,11,1,0
BRDA:97,12,0,0
BRDA:97,12,1,0
BRDA:120,13,0,0
BRDA:120,13,1,0
BRF:28
BRH:0
end_of_record
TN:
SF:routes/user/cloud.js
FN:4,(anonymous_0)
FN:7,(anonymous_1)
FN:24,(anonymous_2)
FN:36,(anonymous_3)
FNF:4
FNH:0
FNDA:0,(anonymous_0)
FNDA:0,(anonymous_1)
FNDA:0,(anonymous_2)
FNDA:0,(anonymous_3)
DA:1,0
DA:2,0
DA:4,0
DA:5,0
DA:7,0
DA:8,0
DA:9,0
DA:10,0
DA:18,0
DA:20,0
DA:24,0
DA:25,0
DA:26,0
DA:27,0
DA:29,0
DA:31,0
DA:36,0
DA:38,0
DA:41,0
LF:19
LH:0
BRF:0
BRH:0
end_of_record
TN:
SF:routes/user/dashboard.js
FN:5,(anonymous_0)
FN:8,(anonymous_1)
FN:22,(anonymous_2)
FN:22,(anonymous_3)
FN:23,(anonymous_4)
FN:23,(anonymous_5)
FN:25,(anonymous_6)
FN:26,(anonymous_7)
FN:27,(anonymous_8)
FN:27,(anonymous_9)
FN:57,(anonymous_10)
FN:80,(anonymous_11)
FN:89,(anonymous_12)
FN:90,(anonymous_13)
FNF:14
FNH:0
FNDA:0,(anonymous_0)
FNDA:0,(anonymous_1)
FNDA:0,(anonymous_2)
FNDA:0,(anonymous_3)
FNDA:0,(anonymous_4)
FNDA:0,(anonymous_5)
FNDA:0,(anonymous_6)
FNDA:0,(anonymous_7)
FNDA:0,(anonymous_8)
FNDA:0,(anonymous_9)
FNDA:0,(anonymous_10)
FNDA:0,(anonymous_11)
FNDA:0,(anonymous_12)
FNDA:0,(anonymous_13)
DA:1,0
DA:2,0
DA:3,0
DA:5,0
DA:6,0
DA:8,0
DA:9,0
DA:10,0
DA:11,0
DA:12,0
DA:18,0
DA:19,0
DA:22,0
DA:23,0
DA:24,0
DA:25,0
DA:26,0
DA:27,0
DA:28,0
DA:36,0
DA:51,0
DA:53,0
DA:57,0
DA:58,0
DA:59,0
DA:60,0
DA:61,0
DA:62,0
DA:63,0
DA:65,0
DA:66,0
DA:68,0
DA:69,0
DA:70,0
DA:71,0
DA:72,0
DA:74,0
DA:75,0
DA:77,0
DA:78,0
DA:79,0
DA:80,0
DA:81,0
DA:82,0
DA:83,0
DA:84,0
DA:86,0
DA:89,0
DA:90,0
DA:91,0
DA:93,0
DA:97,0
LF:52
LH:0
BRDA:60,0,0,0
BRDA:63,1,0,0
BRDA:63,1,1,0
BRDA:63,1,2,0
BRDA:83,2,0,0
BRDA:83,2,1,0
BRDA:84,3,0,0
BRDA:84,3,1,0
BRDA:86,4,0,0
BRDA:86,4,1,0
BRF:10
BRH:0
end_of_record
TN:
SF:routes/user/export.js
FN:6,(anonymous_0)
FN:9,(anonymous_1)
FN:13,(anonymous_2)
FN:30,(anonymous_3)
FN:40,(anonymous_4)
FN:51,tableHeader
FN:53,(anonymous_6)
FN:63,(anonymous_7)
FN:77,(anonymous_8)
FN:90,(anonymous_9)
FNF:10
FNH:0
FNDA:0,(anonymous_0)
FNDA:0,(anonymous_1)
FNDA:0,(anonymous_2)
FNDA:0,(anonymous_3)
FNDA:0,(anonymous_4)
FNDA:0,tableHeader
FNDA:0,(anonymous_6)
FNDA:0,(anonymous_7)
FNDA:0,(anonymous_8)
FNDA:0,(anonymous_9)
DA:1,0
DA:2,0
DA:3,0
DA:4,0
DA:6,0
DA:7,0
DA:9,0
DA:10,0
DA:11,0
DA:12,0
DA:13,0
DA:21,0
DA:22,0
DA:23,0
DA:24,0
DA:26,0
DA:30,0
DA:31,0
DA:32,0
DA:33,0
DA:39,0
DA:40,0
DA:41,0
DA:42,0
DA:44,0
DA:46,0
DA:47,0
DA:48,0
DA:49,0
DA:52,0
DA:53,0
DA:54,0
DA:56,0
DA:57,0
DA:60,0
DA:61,0
DA:62,0
DA:63,0
DA:64,0
DA:65,0
DA:66,0
DA:67,0
DA:68,0
DA:69,0
DA:70,0
DA:72,0
DA:74,0
DA:75,0
DA:76,0
DA:77,0
DA:78,0
DA:79,0
DA:80,0
DA:81,0
DA:82,0
DA:83,0
DA:85,0
DA:87,0
DA:88,0
DA:89,0
DA:90,0
DA:91,0
DA:92,0
DA:93,0
DA:94,0
DA:95,0
DA:97,0
DA:99,0
DA:100,0
DA:101,0
DA:102,0
DA:103,0
DA:104,0
DA:105,0
DA:107,0
DA:109,0
DA:113,0
LF:77
LH:0
BRDA:18,0,0,0
BRDA:18,0,1,0
BRDA:19,1,0,0
BRDA:19,1,1,0
BRDA:41,2,0,0
BRDA:41,2,1,0
BRDA:42,3,0,0
BRDA:42,3,1,0
BRDA:67,4,0,0
BRDA:67,4,1,0
BRDA:68,5,0,0
BRDA:68,5,1,0
BRF:12
BRH:0
end_of_record
TN:
SF:routes/user/recurring.js
FN:5,(anonymous_0)
FN:8,(anonymous_1)
FN:24,(anonymous_2)
FN:37,(anonymous_3)
FN:48,(anonymous_4)
FN:59,(anonymous_5)
FNF:6
FNH:0
FNDA:0,(anonymous_0)
FNDA:0,(anonymous_1)
FNDA:0,(anonymous_2)
FNDA:0,(anonymous_3)
FNDA:0,(anonymous_4)
FNDA:0,(anonymous_5)
DA:1,0
DA:2,0
DA:3,0
DA:5,0
DA:6,0
DA:8,0
DA:9,0
DA:10,0
DA:11,0
DA:13,0
DA:14,0
DA:18,0
DA:20,0
DA:24,0
DA:25,0
DA:26,0
DA:31,0
DA:33,0
DA:37,0
DA:38,0
DA:39,0
DA:40,0
DA:41,0
DA:42,0
DA:44,0
DA:48,0
DA:49,0
DA:50,0
DA:51,0
DA:52,0
DA:53,0
DA:55,0
DA:59,0
DA:60,0
DA:61,0
DA:62,0
DA:69,0
DA:70,0
DA:72,0
DA:81,0
DA:83,0
DA:84,0
DA:85,0
DA:86,0
DA:87,0
DA:88,0
DA:91,0
DA:92,0
DA:94,0
DA:97,0
DA:99,0
DA:103,0
LF:52
LH:0
BRDA:10,0,0,0
BRDA:10,0,1,0
BRDA:10,1,0,0
BRDA:10,1,1,0
BRDA:10,1,2,0
BRDA:10,1,3,0
BRDA:10,1,4,0
BRDA:10,1,5,0
BRDA:40,2,0,0
BRDA:40,2,1,0
BRDA:51,3,0,0
BRDA:51,3,1,0
BRDA:84,4,0,0
BRDA:84,4,1,0
BRDA:84,4,2,0
BRDA:84,4,3,0
BRDA:91,5,0,0
BRDA:91,5,1,0
BRDA:91,6,0,0
BRDA:91,6,1,0
BRF:20
BRH:0
end_of_record
TN:
SF:routes/user/settings.js
FN:4,(anonymous_0)
FN:7,(anonymous_1)
FN:19,(anonymous_2)
FN:34,(anonymous_3)
FN:49,(anonymous_4)
FN:64,(anonymous_5)
FN:82,(anonymous_6)
FNF:7
FNH:0
FNDA:0,(anonymous_0)
FNDA:0,(anonymous_1)
FNDA:0,(anonymous_2)
FNDA:0,(anonymous_3)
FNDA:0,(anonymous_4)
FNDA:0,(anonymous_5)
FNDA:0,(anonymous_6)
DA:1,0
DA:2,0
DA:4,0
DA:5,0
DA:7,0
DA:8,0
DA:9,0
DA:10,0
DA:11,0
DA:13,0
DA:15,0
DA:19,0
DA:20,0
DA:21,0
DA:22,0
DA:24,0
DA:25,0
DA:26,0
DA:27,0
DA:28,0
DA:30,0
DA:34,0
DA:35,0
DA:36,0
DA:37,0
DA:39,0
DA:40,0
DA:41,0
DA:42,0
DA:43,0
DA:45,0
DA:49,0
DA:50,0
DA:51,0
DA:52,0
DA:54,0
DA:55,0
DA:56,0
DA:57,0
DA:58,0
DA:60,0
DA:64,0
DA:65,0
DA:66,0
DA:67,0
DA:69,0
DA:70,0
DA:71,0
DA:72,0
DA:74,0
DA:75,0
DA:77,0
DA:82,0
DA:83,0
DA:84,0
DA:85,0
DA:86,0
DA:87,0
DA:88,0
DA:89,0
DA:91,0
DA:95,0
LF:62
LH:0
BRDA:10,0,0,0
BRDA:10,0,1,0
BRDA:21,1,0,0
BRDA:21,1,1,0
BRDA:26,2,0,0
BRDA:26,2,1,0
BRDA:36,3,0,0
BRDA:36,3,1,0
BRDA:41,4,0,0
BRDA:41,4,1,0
BRDA:51,5,0,0
BRDA:51,5,1,0
BRDA:56,6,0,0
BRDA:56,6,1,0
BRDA:67,7,0,0
BRDA:67,7,1,0
BRDA:72,8,0,0
BRDA:72,8,1,0
BRDA:85,9,0,0
BRDA:85,9,1,0
BRDA:87,10,0,0
BRDA:87,10,1,0
BRF:22
BRH:0
end_of_record
